#
# A fatal error has been detected by the Java Runtime Environment:
#
#  Internal Error (constantPoolOop.cpp:91), pid=8897, tid=25867
#  guarantee(error != (Symbol*)NULL) failed: tag mismatch with resolution error table
#
# JRE version: Java(TM) SE Runtime Environment (7.0_79-b15) (build 1.7.0_79-b15)
# Java VM: Java HotSpot(TM) 64-Bit Server VM (24.79-b02 mixed mode bsd-amd64 compressed oops)
# Failed to write core dump. Core dumps have been disabled. To enable core dumping, try "ulimit -c unlimited" before starting Java again
#
# If you would like to submit a bug report, please visit:
#   http://bugreport.java.com/bugreport/crash.jsp
#

---------------  T H R E A D  ---------------

Current thread (0x00007fb97b9c4800):  JavaThread "http-bio-8080-exec-20" daemon [_thread_in_vm, id=25867, stack(0x0000700007dc9000,0x0000700007ec9000)]

Stack: [0x0000700007dc9000,0x0000700007ec9000],  sp=0x0000700007ec49f0,  free space=1006k
Native frames: (J=compiled Java code, j=interpreted, Vv=VM code, C=native code)
V  [libjvm.dylib+0x52d5c5]  VMError::report_and_die()+0x5cd
V  [libjvm.dylib+0x1edad1]  report_vm_error(char const*, int, char const*, char const*)+0x54
V  [libjvm.dylib+0x1e9f49]  constantPoolOopDesc::klass_at_impl(constantPoolHandle, int, Thread*)+0x101
V  [libjvm.dylib+0x2d805b]  InterpreterRuntime::_new(JavaThread*, constantPoolOopDesc*, int)+0x2f
j  cn.itcast.bos.web.action.AreaAction.importData()Ljava/lang/String;+16
v  ~StubRoutines::call_stub
V  [libjvm.dylib+0x2dbef8]  JavaCalls::call_helper(JavaValue*, methodHandle*, JavaCallArguments*, Thread*)+0x22a
V  [libjvm.dylib+0x2dbcc8]  JavaCalls::call(JavaValue*, methodHandle, JavaCallArguments*, Thread*)+0x28
V  [libjvm.dylib+0x467718]  Reflection::invoke(instanceKlassHandle, methodHandle, Handle, bool, objArrayHandle, BasicType, objArrayHandle, bool, Thread*)+0x9fc
V  [libjvm.dylib+0x467b7e]  Reflection::invoke_method(oopDesc*, Handle, objArrayHandle, Thread*)+0x16e
V  [libjvm.dylib+0x328747]  JVM_InvokeMethod+0x166
j  sun.reflect.NativeMethodAccessorImpl.invoke0(Ljava/lang/reflect/Method;Ljava/lang/Object;[Ljava/lang/Object;)Ljava/lang/Object;+0
j  sun.reflect.NativeMethodAccessorImpl.invoke(Ljava/lang/Object;[Ljava/lang/Object;)Ljava/lang/Object;+87
J 939 C2 sun.reflect.DelegatingMethodAccessorImpl.invoke(Ljava/lang/Object;[Ljava/lang/Object;)Ljava/lang/Object; (10 bytes) @ 0x00000001033c40f4 [0x00000001033c40a0+0x54]
j  java.lang.reflect.Method.invoke(Ljava/lang/Object;[Ljava/lang/Object;)Ljava/lang/Object;+57
j  ognl.OgnlRuntime.invokeMethod(Ljava/lang/Object;Ljava/lang/reflect/Method;[Ljava/lang/Object;)Ljava/lang/Object;+373
j  ognl.OgnlRuntime.callAppropriateMethod(Lognl/OgnlContext;Ljava/lang/Object;Ljava/lang/Object;Ljava/lang/String;Ljava/lang/String;Ljava/util/List;[Ljava/lang/Object;)Ljava/lang/Object;+362
j  ognl.ObjectMethodAccessor.callMethod(Ljava/util/Map;Ljava/lang/Object;Ljava/lang/String;[Ljava/lang/Object;)Ljava/lang/Object;+59
j  com.opensymphony.xwork2.ognl.accessor.XWorkMethodAccessor.callMethodWithDebugInfo(Ljava/util/Map;Ljava/lang/Object;Ljava/lang/String;[Ljava/lang/Object;)Ljava/lang/Object;+6
j  com.opensymphony.xwork2.ognl.accessor.XWorkMethodAccessor.callMethod(Ljava/util/Map;Ljava/lang/Object;Ljava/lang/String;[Ljava/lang/Object;)Ljava/lang/Object;+234
j  ognl.OgnlRuntime.callMethod(Lognl/OgnlContext;Ljava/lang/Object;Ljava/lang/String;[Ljava/lang/Object;)Ljava/lang/Object;+42
j  ognl.ASTMethod.getValueBody(Lognl/OgnlContext;Ljava/lang/Object;)Ljava/lang/Object;+63
j  ognl.SimpleNode.evaluateGetValueBody(Lognl/OgnlContext;Ljava/lang/Object;)Ljava/lang/Object;+64
j  ognl.SimpleNode.getValue(Lognl/OgnlContext;Ljava/lang/Object;)Ljava/lang/Object;+171
j  ognl.Ognl.getValue(Ljava/lang/Object;Ljava/util/Map;Ljava/lang/Object;Ljava/lang/Class;)Ljava/lang/Object;+51
j  ognl.Ognl.getValue(Ljava/lang/Object;Ljava/util/Map;Ljava/lang/Object;)Ljava/lang/Object;+4
j  com.opensymphony.xwork2.ognl.OgnlUtil$2.execute(Ljava/lang/Object;)Ljava/lang/Object;+9
j  com.opensymphony.xwork2.ognl.OgnlUtil.compileAndExecute(Ljava/lang/String;Ljava/util/Map;Lcom/opensymphony/xwork2/ognl/OgnlUtil$OgnlTask;)Ljava/lang/Object;+56
j  com.opensymphony.xwork2.ognl.OgnlUtil.getValue(Ljava/lang/String;Ljava/util/Map;Ljava/lang/Object;)Ljava/lang/Object;+13
j  com.opensymphony.xwork2.DefaultActionInvocation.invokeAction(Ljava/lang/Object;Lcom/opensymphony/xwork2/config/entities/ActionConfig;)Ljava/lang/String;+106
j  com.opensymphony.xwork2.DefaultActionInvocation.invokeActionOnly()Ljava/lang/String;+14
j  com.opensymphony.xwork2.DefaultActionInvocation.invoke()Ljava/lang/String;+111
j  org.apache.struts2.interceptor.DeprecationInterceptor.intercept(Lcom/opensymphony/xwork2/ActionInvocation;)Ljava/lang/String;+30
j  com.opensymphony.xwork2.DefaultActionInvocation.invoke()Ljava/lang/String;+82
j  org.apache.struts2.interceptor.debugging.DebuggingInterceptor.intercept(Lcom/opensymphony/xwork2/ActionInvocation;)Ljava/lang/String;+342
j  com.opensymphony.xwork2.DefaultActionInvocation.invoke()Ljava/lang/String;+82
j  com.opensymphony.xwork2.interceptor.DefaultWorkflowInterceptor.doIntercept(Lcom/opensymphony/xwork2/ActionInvocation;)Ljava/lang/String;+112
j  com.opensymphony.xwork2.interceptor.MethodFilterInterceptor.intercept(Lcom/opensymphony/xwork2/ActionInvocation;)Ljava/lang/String;+10
j  com.opensymphony.xwork2.DefaultActionInvocation.invoke()Ljava/lang/String;+82
j  com.opensymphony.xwork2.validator.ValidationInterceptor.doIntercept(Lcom/opensymphony/xwork2/ActionInvocation;)Ljava/lang/String;+6
j  org.apache.struts2.interceptor.validation.AnnotationValidationInterceptor.doIntercept(Lcom/opensymphony/xwork2/ActionInvocation;)Ljava/lang/String;+202
j  com.opensymphony.xwork2.interceptor.MethodFilterInterceptor.intercept(Lcom/opensymphony/xwork2/ActionInvocation;)Ljava/lang/String;+10
j  com.opensymphony.xwork2.DefaultActionInvocation.invoke()Ljava/lang/String;+82
j  com.opensymphony.xwork2.interceptor.ConversionErrorInterceptor.intercept(Lcom/opensymphony/xwork2/ActionInvocation;)Ljava/lang/String;+200
j  com.opensymphony.xwork2.DefaultActionInvocation.invoke()Ljava/lang/String;+82
j  com.opensymphony.xwork2.interceptor.ParametersInterceptor.doIntercept(Lcom/opensymphony/xwork2/ActionInvocation;)Ljava/lang/String;+164
j  com.opensymphony.xwork2.interceptor.MethodFilterInterceptor.intercept(Lcom/opensymphony/xwork2/ActionInvocation;)Ljava/lang/String;+10
j  com.opensymphony.xwork2.DefaultActionInvocation.invoke()Ljava/lang/String;+82
j  com.opensymphony.xwork2.interceptor.ParametersInterceptor.doIntercept(Lcom/opensymphony/xwork2/ActionInvocation;)Ljava/lang/String;+164
j  com.opensymphony.xwork2.interceptor.MethodFilterInterceptor.intercept(Lcom/opensymphony/xwork2/ActionInvocation;)Ljava/lang/String;+10
j  com.opensymphony.xwork2.DefaultActionInvocation.invoke()Ljava/lang/String;+82
j  com.opensymphony.xwork2.interceptor.StaticParametersInterceptor.intercept(Lcom/opensymphony/xwork2/ActionInvocation;)Ljava/lang/String;+525
j  com.opensymphony.xwork2.DefaultActionInvocation.invoke()Ljava/lang/String;+82
j  org.apache.struts2.interceptor.MultiselectInterceptor.intercept(Lcom/opensymphony/xwork2/ActionInvocation;)Ljava/lang/String;+121
j  com.opensymphony.xwork2.DefaultActionInvocation.invoke()Ljava/lang/String;+82
j  org.apache.struts2.interceptor.DateTextFieldInterceptor.intercept(Lcom/opensymphony/xwork2/ActionInvocation;)Ljava/lang/String;+576
j  com.opensymphony.xwork2.DefaultActionInvocation.invoke()Ljava/lang/String;+82
j  org.apache.struts2.interceptor.CheckboxInterceptor.intercept(Lcom/opensymphony/xwork2/ActionInvocation;)Ljava/lang/String;+208
j  com.opensymphony.xwork2.DefaultActionInvocation.invoke()Ljava/lang/String;+82
j  org.apache.struts2.interceptor.FileUploadInterceptor.intercept(Lcom/opensymphony/xwork2/ActionInvocation;)Ljava/lang/String;+624
j  com.opensymphony.xwork2.DefaultActionInvocation.invoke()Ljava/lang/String;+82
j  com.opensymphony.xwork2.interceptor.ModelDrivenInterceptor.intercept(Lcom/opensymphony/xwork2/ActionInvocation;)Ljava/lang/String;+73
j  com.opensymphony.xwork2.DefaultActionInvocation.invoke()Ljava/lang/String;+82
j  com.opensymphony.xwork2.interceptor.ScopedModelDrivenInterceptor.intercept(Lcom/opensymphony/xwork2/ActionInvocation;)Ljava/lang/String;+179
j  com.opensymphony.xwork2.DefaultActionInvocation.invoke()Ljava/lang/String;+82
j  com.opensymphony.xwork2.interceptor.ChainingInterceptor.intercept(Lcom/opensymphony/xwork2/ActionInvocation;)Ljava/lang/String;+30
j  com.opensymphony.xwork2.DefaultActionInvocation.invoke()Ljava/lang/String;+82
j  com.opensymphony.xwork2.interceptor.PrepareInterceptor.doIntercept(Lcom/opensymphony/xwork2/ActionInvocation;)Ljava/lang/String;+116
j  com.opensymphony.xwork2.interceptor.MethodFilterInterceptor.intercept(Lcom/opensymphony/xwork2/ActionInvocation;)Ljava/lang/String;+10
j  com.opensymphony.xwork2.DefaultActionInvocation.invoke()Ljava/lang/String;+82
j  com.opensymphony.xwork2.interceptor.I18nInterceptor.intercept(Lcom/opensymphony/xwork2/ActionInvocation;)Ljava/lang/String;+131
j  com.opensymphony.xwork2.DefaultActionInvocation.invoke()Ljava/lang/String;+82
j  org.apache.struts2.interceptor.ServletConfigInterceptor.intercept(Lcom/opensymphony/xwork2/ActionInvocation;)Ljava/lang/String;+228
j  com.opensymphony.xwork2.DefaultActionInvocation.invoke()Ljava/lang/String;+82
j  com.opensymphony.xwork2.interceptor.AliasInterceptor.intercept(Lcom/opensymphony/xwork2/ActionInvocation;)Ljava/lang/String;+536
j  com.opensymphony.xwork2.DefaultActionInvocation.invoke()Ljava/lang/String;+82
j  com.opensymphony.xwork2.interceptor.ExceptionMappingInterceptor.intercept(Lcom/opensymphony/xwork2/ActionInvocation;)Ljava/lang/String;+1
j  com.opensymphony.xwork2.DefaultActionInvocation.invoke()Ljava/lang/String;+82
j  org.apache.struts2.impl.StrutsActionProxy.execute()Ljava/lang/String;+20
j  org.apache.struts2.dispatcher.Dispatcher.serviceAction(Ljavax/servlet/http/HttpServletRequest;Ljavax/servlet/http/HttpServletResponse;Lorg/apache/struts2/dispatcher/mapper/ActionMapping;)V+193
j  org.apache.struts2.dispatcher.ng.ExecuteOperations.executeAction(Ljavax/servlet/http/HttpServletRequest;Ljavax/servlet/http/HttpServletResponse;Lorg/apache/struts2/dispatcher/mapper/ActionMapping;)V+7
j  org.apache.struts2.dispatcher.ng.filter.StrutsPrepareAndExecuteFilter.doFilter(Ljavax/servlet/ServletRequest;Ljavax/servlet/ServletResponse;Ljavax/servlet/FilterChain;)V+149
j  org.apache.catalina.core.ApplicationFilterChain.internalDoFilter(Ljavax/servlet/ServletRequest;Ljavax/servlet/ServletResponse;)V+151
j  org.apache.catalina.core.ApplicationFilterChain.doFilter(Ljavax/servlet/ServletRequest;Ljavax/servlet/ServletResponse;)V+101
j  org.apache.catalina.core.StandardWrapperValve.invoke(Lorg/apache/catalina/connector/Request;Lorg/apache/catalina/connector/Response;)V+783
j  org.apache.catalina.core.StandardContextValve.invoke(Lorg/apache/catalina/connector/Request;Lorg/apache/catalina/connector/Response;)V+166
j  org.apache.catalina.authenticator.AuthenticatorBase.invoke(Lorg/apache/catalina/connector/Request;Lorg/apache/catalina/connector/Response;)V+449
j  org.apache.catalina.core.StandardHostValve.invoke(Lorg/apache/catalina/connector/Request;Lorg/apache/catalina/connector/Response;)V+148
j  org.apache.catalina.valves.ErrorReportValve.invoke(Lorg/apache/catalina/connector/Request;Lorg/apache/catalina/connector/Response;)V+6
j  org.apache.catalina.valves.AccessLogValve.invoke(Lorg/apache/catalina/connector/Request;Lorg/apache/catalina/connector/Response;)V+6
j  org.apache.catalina.core.StandardEngineValve.invoke(Lorg/apache/catalina/connector/Request;Lorg/apache/catalina/connector/Response;)V+71
j  org.apache.catalina.connector.CoyoteAdapter.service(Lorg/apache/coyote/Request;Lorg/apache/coyote/Response;)V+196
j  org.apache.coyote.http11.AbstractHttp11Processor.process(Lorg/apache/tomcat/util/net/SocketWrapper;)Lorg/apache/tomcat/util/net/AbstractEndpoint$Handler$SocketState;+640
j  org.apache.coyote.AbstractProtocol$AbstractConnectionHandler.process(Lorg/apache/tomcat/util/net/SocketWrapper;Lorg/apache/tomcat/util/net/SocketStatus;)Lorg/apache/tomcat/util/net/AbstractEndpoint$Handler$SocketState;+206
j  org.apache.tomcat.util.net.JIoEndpoint$SocketProcessor.run()V+130
j  java.util.concurrent.ThreadPoolExecutor.runWorker(Ljava/util/concurrent/ThreadPoolExecutor$Worker;)V+95
j  java.util.concurrent.ThreadPoolExecutor$Worker.run()V+5
j  java.lang.Thread.run()V+11
v  ~StubRoutines::call_stub
V  [libjvm.dylib+0x2dbef8]  JavaCalls::call_helper(JavaValue*, methodHandle*, JavaCallArguments*, Thread*)+0x22a
...<more frames>...

Java frames: (J=compiled Java code, j=interpreted, Vv=VM code)
j  cn.itcast.bos.web.action.AreaAction.importData()Ljava/lang/String;+16
v  ~StubRoutines::call_stub
j  sun.reflect.NativeMethodAccessorImpl.invoke0(Ljava/lang/reflect/Method;Ljava/lang/Object;[Ljava/lang/Object;)Ljava/lang/Object;+0
j  sun.reflect.NativeMethodAccessorImpl.invoke(Ljava/lang/Object;[Ljava/lang/Object;)Ljava/lang/Object;+87
J 939 C2 sun.reflect.DelegatingMethodAccessorImpl.invoke(Ljava/lang/Object;[Ljava/lang/Object;)Ljava/lang/Object; (10 bytes) @ 0x00000001033c40f4 [0x00000001033c40a0+0x54]
j  java.lang.reflect.Method.invoke(Ljava/lang/Object;[Ljava/lang/Object;)Ljava/lang/Object;+57
j  ognl.OgnlRuntime.invokeMethod(Ljava/lang/Object;Ljava/lang/reflect/Method;[Ljava/lang/Object;)Ljava/lang/Object;+373
j  ognl.OgnlRuntime.callAppropriateMethod(Lognl/OgnlContext;Ljava/lang/Object;Ljava/lang/Object;Ljava/lang/String;Ljava/lang/String;Ljava/util/List;[Ljava/lang/Object;)Ljava/lang/Object;+362
j  ognl.ObjectMethodAccessor.callMethod(Ljava/util/Map;Ljava/lang/Object;Ljava/lang/String;[Ljava/lang/Object;)Ljava/lang/Object;+59
j  com.opensymphony.xwork2.ognl.accessor.XWorkMethodAccessor.callMethodWithDebugInfo(Ljava/util/Map;Ljava/lang/Object;Ljava/lang/String;[Ljava/lang/Object;)Ljava/lang/Object;+6
j  com.opensymphony.xwork2.ognl.accessor.XWorkMethodAccessor.callMethod(Ljava/util/Map;Ljava/lang/Object;Ljava/lang/String;[Ljava/lang/Object;)Ljava/lang/Object;+234
j  ognl.OgnlRuntime.callMethod(Lognl/OgnlContext;Ljava/lang/Object;Ljava/lang/String;[Ljava/lang/Object;)Ljava/lang/Object;+42
j  ognl.ASTMethod.getValueBody(Lognl/OgnlContext;Ljava/lang/Object;)Ljava/lang/Object;+63
j  ognl.SimpleNode.evaluateGetValueBody(Lognl/OgnlContext;Ljava/lang/Object;)Ljava/lang/Object;+64
j  ognl.SimpleNode.getValue(Lognl/OgnlContext;Ljava/lang/Object;)Ljava/lang/Object;+171
j  ognl.Ognl.getValue(Ljava/lang/Object;Ljava/util/Map;Ljava/lang/Object;Ljava/lang/Class;)Ljava/lang/Object;+51
j  ognl.Ognl.getValue(Ljava/lang/Object;Ljava/util/Map;Ljava/lang/Object;)Ljava/lang/Object;+4
j  com.opensymphony.xwork2.ognl.OgnlUtil$2.execute(Ljava/lang/Object;)Ljava/lang/Object;+9
j  com.opensymphony.xwork2.ognl.OgnlUtil.compileAndExecute(Ljava/lang/String;Ljava/util/Map;Lcom/opensymphony/xwork2/ognl/OgnlUtil$OgnlTask;)Ljava/lang/Object;+56
j  com.opensymphony.xwork2.ognl.OgnlUtil.getValue(Ljava/lang/String;Ljava/util/Map;Ljava/lang/Object;)Ljava/lang/Object;+13
j  com.opensymphony.xwork2.DefaultActionInvocation.invokeAction(Ljava/lang/Object;Lcom/opensymphony/xwork2/config/entities/ActionConfig;)Ljava/lang/String;+106
j  com.opensymphony.xwork2.DefaultActionInvocation.invokeActionOnly()Ljava/lang/String;+14
j  com.opensymphony.xwork2.DefaultActionInvocation.invoke()Ljava/lang/String;+111
j  org.apache.struts2.interceptor.DeprecationInterceptor.intercept(Lcom/opensymphony/xwork2/ActionInvocation;)Ljava/lang/String;+30
j  com.opensymphony.xwork2.DefaultActionInvocation.invoke()Ljava/lang/String;+82
j  org.apache.struts2.interceptor.debugging.DebuggingInterceptor.intercept(Lcom/opensymphony/xwork2/ActionInvocation;)Ljava/lang/String;+342
j  com.opensymphony.xwork2.DefaultActionInvocation.invoke()Ljava/lang/String;+82
j  com.opensymphony.xwork2.interceptor.DefaultWorkflowInterceptor.doIntercept(Lcom/opensymphony/xwork2/ActionInvocation;)Ljava/lang/String;+112
j  com.opensymphony.xwork2.interceptor.MethodFilterInterceptor.intercept(Lcom/opensymphony/xwork2/ActionInvocation;)Ljava/lang/String;+10
j  com.opensymphony.xwork2.DefaultActionInvocation.invoke()Ljava/lang/String;+82
j  com.opensymphony.xwork2.validator.ValidationInterceptor.doIntercept(Lcom/opensymphony/xwork2/ActionInvocation;)Ljava/lang/String;+6
j  org.apache.struts2.interceptor.validation.AnnotationValidationInterceptor.doIntercept(Lcom/opensymphony/xwork2/ActionInvocation;)Ljava/lang/String;+202
j  com.opensymphony.xwork2.interceptor.MethodFilterInterceptor.intercept(Lcom/opensymphony/xwork2/ActionInvocation;)Ljava/lang/String;+10
j  com.opensymphony.xwork2.DefaultActionInvocation.invoke()Ljava/lang/String;+82
j  com.opensymphony.xwork2.interceptor.ConversionErrorInterceptor.intercept(Lcom/opensymphony/xwork2/ActionInvocation;)Ljava/lang/String;+200
j  com.opensymphony.xwork2.DefaultActionInvocation.invoke()Ljava/lang/String;+82
j  com.opensymphony.xwork2.interceptor.ParametersInterceptor.doIntercept(Lcom/opensymphony/xwork2/ActionInvocation;)Ljava/lang/String;+164
j  com.opensymphony.xwork2.interceptor.MethodFilterInterceptor.intercept(Lcom/opensymphony/xwork2/ActionInvocation;)Ljava/lang/String;+10
j  com.opensymphony.xwork2.DefaultActionInvocation.invoke()Ljava/lang/String;+82
j  com.opensymphony.xwork2.interceptor.ParametersInterceptor.doIntercept(Lcom/opensymphony/xwork2/ActionInvocation;)Ljava/lang/String;+164
j  com.opensymphony.xwork2.interceptor.MethodFilterInterceptor.intercept(Lcom/opensymphony/xwork2/ActionInvocation;)Ljava/lang/String;+10
j  com.opensymphony.xwork2.DefaultActionInvocation.invoke()Ljava/lang/String;+82
j  com.opensymphony.xwork2.interceptor.StaticParametersInterceptor.intercept(Lcom/opensymphony/xwork2/ActionInvocation;)Ljava/lang/String;+525
j  com.opensymphony.xwork2.DefaultActionInvocation.invoke()Ljava/lang/String;+82
j  org.apache.struts2.interceptor.MultiselectInterceptor.intercept(Lcom/opensymphony/xwork2/ActionInvocation;)Ljava/lang/String;+121
j  com.opensymphony.xwork2.DefaultActionInvocation.invoke()Ljava/lang/String;+82
j  org.apache.struts2.interceptor.DateTextFieldInterceptor.intercept(Lcom/opensymphony/xwork2/ActionInvocation;)Ljava/lang/String;+576
j  com.opensymphony.xwork2.DefaultActionInvocation.invoke()Ljava/lang/String;+82
j  org.apache.struts2.interceptor.CheckboxInterceptor.intercept(Lcom/opensymphony/xwork2/ActionInvocation;)Ljava/lang/String;+208
j  com.opensymphony.xwork2.DefaultActionInvocation.invoke()Ljava/lang/String;+82
j  org.apache.struts2.interceptor.FileUploadInterceptor.intercept(Lcom/opensymphony/xwork2/ActionInvocation;)Ljava/lang/String;+624
j  com.opensymphony.xwork2.DefaultActionInvocation.invoke()Ljava/lang/String;+82
j  com.opensymphony.xwork2.interceptor.ModelDrivenInterceptor.intercept(Lcom/opensymphony/xwork2/ActionInvocation;)Ljava/lang/String;+73
j  com.opensymphony.xwork2.DefaultActionInvocation.invoke()Ljava/lang/String;+82
j  com.opensymphony.xwork2.interceptor.ScopedModelDrivenInterceptor.intercept(Lcom/opensymphony/xwork2/ActionInvocation;)Ljava/lang/String;+179
j  com.opensymphony.xwork2.DefaultActionInvocation.invoke()Ljava/lang/String;+82
j  com.opensymphony.xwork2.interceptor.ChainingInterceptor.intercept(Lcom/opensymphony/xwork2/ActionInvocation;)Ljava/lang/String;+30
j  com.opensymphony.xwork2.DefaultActionInvocation.invoke()Ljava/lang/String;+82
j  com.opensymphony.xwork2.interceptor.PrepareInterceptor.doIntercept(Lcom/opensymphony/xwork2/ActionInvocation;)Ljava/lang/String;+116
j  com.opensymphony.xwork2.interceptor.MethodFilterInterceptor.intercept(Lcom/opensymphony/xwork2/ActionInvocation;)Ljava/lang/String;+10
j  com.opensymphony.xwork2.DefaultActionInvocation.invoke()Ljava/lang/String;+82
j  com.opensymphony.xwork2.interceptor.I18nInterceptor.intercept(Lcom/opensymphony/xwork2/ActionInvocation;)Ljava/lang/String;+131
j  com.opensymphony.xwork2.DefaultActionInvocation.invoke()Ljava/lang/String;+82
j  org.apache.struts2.interceptor.ServletConfigInterceptor.intercept(Lcom/opensymphony/xwork2/ActionInvocation;)Ljava/lang/String;+228
j  com.opensymphony.xwork2.DefaultActionInvocation.invoke()Ljava/lang/String;+82
j  com.opensymphony.xwork2.interceptor.AliasInterceptor.intercept(Lcom/opensymphony/xwork2/ActionInvocation;)Ljava/lang/String;+536
j  com.opensymphony.xwork2.DefaultActionInvocation.invoke()Ljava/lang/String;+82
j  com.opensymphony.xwork2.interceptor.ExceptionMappingInterceptor.intercept(Lcom/opensymphony/xwork2/ActionInvocation;)Ljava/lang/String;+1
j  com.opensymphony.xwork2.DefaultActionInvocation.invoke()Ljava/lang/String;+82
j  org.apache.struts2.impl.StrutsActionProxy.execute()Ljava/lang/String;+20
j  org.apache.struts2.dispatcher.Dispatcher.serviceAction(Ljavax/servlet/http/HttpServletRequest;Ljavax/servlet/http/HttpServletResponse;Lorg/apache/struts2/dispatcher/mapper/ActionMapping;)V+193
j  org.apache.struts2.dispatcher.ng.ExecuteOperations.executeAction(Ljavax/servlet/http/HttpServletRequest;Ljavax/servlet/http/HttpServletResponse;Lorg/apache/struts2/dispatcher/mapper/ActionMapping;)V+7
j  org.apache.struts2.dispatcher.ng.filter.StrutsPrepareAndExecuteFilter.doFilter(Ljavax/servlet/ServletRequest;Ljavax/servlet/ServletResponse;Ljavax/servlet/FilterChain;)V+149
j  org.apache.catalina.core.ApplicationFilterChain.internalDoFilter(Ljavax/servlet/ServletRequest;Ljavax/servlet/ServletResponse;)V+151
j  org.apache.catalina.core.ApplicationFilterChain.doFilter(Ljavax/servlet/ServletRequest;Ljavax/servlet/ServletResponse;)V+101
j  org.apache.catalina.core.StandardWrapperValve.invoke(Lorg/apache/catalina/connector/Request;Lorg/apache/catalina/connector/Response;)V+783
j  org.apache.catalina.core.StandardContextValve.invoke(Lorg/apache/catalina/connector/Request;Lorg/apache/catalina/connector/Response;)V+166
j  org.apache.catalina.authenticator.AuthenticatorBase.invoke(Lorg/apache/catalina/connector/Request;Lorg/apache/catalina/connector/Response;)V+449
j  org.apache.catalina.core.StandardHostValve.invoke(Lorg/apache/catalina/connector/Request;Lorg/apache/catalina/connector/Response;)V+148
j  org.apache.catalina.valves.ErrorReportValve.invoke(Lorg/apache/catalina/connector/Request;Lorg/apache/catalina/connector/Response;)V+6
j  org.apache.catalina.valves.AccessLogValve.invoke(Lorg/apache/catalina/connector/Request;Lorg/apache/catalina/connector/Response;)V+6
j  org.apache.catalina.core.StandardEngineValve.invoke(Lorg/apache/catalina/connector/Request;Lorg/apache/catalina/connector/Response;)V+71
j  org.apache.catalina.connector.CoyoteAdapter.service(Lorg/apache/coyote/Request;Lorg/apache/coyote/Response;)V+196
j  org.apache.coyote.http11.AbstractHttp11Processor.process(Lorg/apache/tomcat/util/net/SocketWrapper;)Lorg/apache/tomcat/util/net/AbstractEndpoint$Handler$SocketState;+640
j  org.apache.coyote.AbstractProtocol$AbstractConnectionHandler.process(Lorg/apache/tomcat/util/net/SocketWrapper;Lorg/apache/tomcat/util/net/SocketStatus;)Lorg/apache/tomcat/util/net/AbstractEndpoint$Handler$SocketState;+206
j  org.apache.tomcat.util.net.JIoEndpoint$SocketProcessor.run()V+130
j  java.util.concurrent.ThreadPoolExecutor.runWorker(Ljava/util/concurrent/ThreadPoolExecutor$Worker;)V+95
j  java.util.concurrent.ThreadPoolExecutor$Worker.run()V+5
j  java.lang.Thread.run()V+11
v  ~StubRoutines::call_stub

---------------  P R O C E S S  ---------------

Java Threads: ( => current thread )
  0x00007fb97a0c3000 JavaThread "http-bio-8080-exec-21" daemon [_thread_blocked, id=28939, stack(0x0000700006b93000,0x0000700006c93000)]
=>0x00007fb97b9c4800 JavaThread "http-bio-8080-exec-20" daemon [_thread_in_vm, id=25867, stack(0x0000700007dc9000,0x0000700007ec9000)]
  0x00007fb97b9f4000 JavaThread "http-bio-8080-exec-16" daemon [_thread_in_native, id=29447, stack(0x0000700007cc6000,0x0000700007dc6000)]
  0x00007fb97b037800 JavaThread "http-bio-8080-exec-15" daemon [_thread_in_native, id=28423, stack(0x00007000077b7000,0x00007000078b7000)]
  0x00007fb975cdf000 JavaThread "http-bio-8080-exec-14" daemon [_thread_blocked, id=30979, stack(0x00007000081d5000,0x00007000082d5000)]
  0x00007fb97ac71800 JavaThread "http-bio-8080-exec-13" daemon [_thread_in_native, id=30467, stack(0x00007000080d2000,0x00007000081d2000)]
  0x00007fb979caf800 JavaThread "http-bio-8080-exec-8" daemon [_thread_blocked, id=27907, stack(0x0000700007bc3000,0x0000700007cc3000)]
  0x00007fb978e77800 JavaThread "http-bio-8080-exec-6" daemon [_thread_blocked, id=26883, stack(0x00007000079bd000,0x0000700007abd000)]
  0x00007fb97ab4c000 JavaThread "http-bio-8080-exec-5" daemon [_thread_blocked, id=26371, stack(0x00007000078ba000,0x00007000079ba000)]
  0x00007fb979cf8000 JavaThread "http-bio-8080-exec-4" daemon [_thread_in_native, id=21511, stack(0x0000700006c96000,0x0000700006d96000)]
  0x00007fb97adf0000 JavaThread "http-bio-8080-exec-1" daemon [_thread_in_native, id=25347, stack(0x00007000076b4000,0x00007000077b4000)]
  0x00007fb978815000 JavaThread "http-bio-8080-AsyncTimeout" daemon [_thread_blocked, id=24835, stack(0x00007000075b1000,0x00007000076b1000)]
  0x00007fb978f59800 JavaThread "http-bio-8080-Acceptor-0" daemon [_thread_in_native, id=24323, stack(0x00007000074ae000,0x00007000075ae000)]
  0x00007fb979e8f800 JavaThread "ContainerBackgroundProcessor[StandardEngine[Tomcat]]" daemon [_thread_blocked, id=23811, stack(0x00007000073ab000,0x00007000074ab000)]
  0x00007fb975c2d800 JavaThread "MySQL Statement Cancellation Timer" daemon [_thread_blocked, id=23299, stack(0x00007000072a8000,0x00007000073a8000)]
  0x00007fb97ab99000 JavaThread "com.mchange.v2.async.ThreadPoolAsynchronousRunner$PoolThread-#2" daemon [_thread_blocked, id=22787, stack(0x00007000071a5000,0x00007000072a5000)]
  0x00007fb979016000 JavaThread "com.mchange.v2.async.ThreadPoolAsynchronousRunner$PoolThread-#1" daemon [_thread_blocked, id=22275, stack(0x00007000070a2000,0x00007000071a2000)]
  0x00007fb978e7c800 JavaThread "com.mchange.v2.async.ThreadPoolAsynchronousRunner$PoolThread-#0" daemon [_thread_blocked, id=21763, stack(0x0000700006f9f000,0x000070000709f000)]
  0x00007fb975f71800 JavaThread "Timer-0" daemon [_thread_blocked, id=4103, stack(0x0000700006e9c000,0x0000700006f9c000)]
  0x00007fb97b63c000 JavaThread "Thread-2" daemon [_thread_in_native, id=5127, stack(0x0000700006d99000,0x0000700006e99000)]
  0x00007fb975018000 JavaThread "Service Thread" daemon [_thread_blocked, id=19715, stack(0x000070000698d000,0x0000700006a8d000)]
  0x00007fb976062800 JavaThread "C2 CompilerThread1" daemon [_thread_blocked, id=19203, stack(0x000070000688a000,0x000070000698a000)]
  0x00007fb976826800 JavaThread "C2 CompilerThread0" daemon [_thread_blocked, id=18691, stack(0x0000700006787000,0x0000700006887000)]
  0x00007fb975809800 JavaThread "JDWP Command Reader" daemon [_thread_in_native, id=18179, stack(0x0000700006684000,0x0000700006784000)]
  0x00007fb976062000 JavaThread "JDWP Event Helper Thread" daemon [_thread_blocked, id=17667, stack(0x0000700006581000,0x0000700006681000)]
  0x00007fb975807800 JavaThread "JDWP Transport Listener: dt_socket" daemon [_thread_blocked, id=17155, stack(0x000070000647e000,0x000070000657e000)]
  0x00007fb976817800 JavaThread "Signal Dispatcher" daemon [_thread_blocked, id=16643, stack(0x000070000637b000,0x000070000647b000)]
  0x00007fb976805000 JavaThread "Finalizer" daemon [_thread_blocked, id=12547, stack(0x0000700006278000,0x0000700006378000)]
  0x00007fb976804800 JavaThread "Reference Handler" daemon [_thread_blocked, id=12035, stack(0x0000700006175000,0x0000700006275000)]
  0x00007fb976006000 JavaThread "main" [_thread_blocked, id=7171, stack(0x0000700005b63000,0x0000700005c63000)]

Other Threads:
  0x00007fb976048800 VMThread [stack: 0x0000700006072000,0x0000700006172000] [id=11523]
  0x00007fb975809000 WatcherThread [stack: 0x0000700006a90000,0x0000700006b90000] [id=20227]

VM state:not at safepoint (normal execution)

VM Mutex/Monitor currently owned by a thread: None

Heap
 PSYoungGen      total 425984K, used 33025K [0x00000007d5500000, 0x00000007f7c00000, 0x0000000800000000)
  eden space 370176K, 2% used [0x00000007d5500000,0x00000007d5dcf600,0x00000007ebe80000)
  from space 55808K, 43% used [0x00000007ebe80000,0x00000007ed5f0f78,0x00000007ef500000)
  to   space 53248K, 0% used [0x00000007f4800000,0x00000007f4800000,0x00000007f7c00000)
 ParOldGen       total 126464K, used 66106K [0x0000000780000000, 0x0000000787b80000, 0x00000007d5500000)
  object space 126464K, 52% used [0x0000000780000000,0x000000078408eb60,0x0000000787b80000)
 PSPermGen       total 58368K, used 57962K [0x000000077ae00000, 0x000000077e700000, 0x0000000780000000)
  object space 58368K, 99% used [0x000000077ae00000,0x000000077e69aa90,0x000000077e700000)

Card table byte_map: [0x0000000106123000,0x000000010654d000] byte_map_base: 0x000000010254c000

Polling page: 0x0000000101d2e000

Code Cache  [0x0000000103063000, 0x0000000103493000, 0x0000000106063000)
 total_blobs=1565 nmethods=1082 adapters=443 free_code_cache=45362Kb largest_free_block=45956864

Compilation events (10 events):
Event: 387.806 Thread 0x00007fb976826800 1231             org.apache.tomcat.util.buf.MessageBytes::toString (88 bytes)
Event: 387.809 Thread 0x00007fb976826800 nmethod 1231 0x0000000103322610 code [0x0000000103322780, 0x0000000103322978]
Event: 459.185 Thread 0x00007fb976826800 1232   !         ognl.OgnlParserTokenManager::jjMoveNfa_0 (1566 bytes)
Event: 459.231 Thread 0x00007fb976826800 nmethod 1232 0x00000001032e4190 code [0x00000001032e46e0, 0x00000001032e5758]
Event: 459.719 Thread 0x00007fb976062800 1233             ognl.OgnlContext::put (295 bytes)
Event: 459.745 Thread 0x00007fb976062800 nmethod 1233 0x00000001033ac350 code [0x00000001033ac580, 0x00000001033ad580]
Event: 473.462 Thread 0x00007fb976826800 1234             org.apache.tomcat.util.buf.MessageBytes::getType (5 bytes)
Event: 473.462 Thread 0x00007fb976826800 nmethod 1234 0x000000010310ba50 code [0x000000010310bb80, 0x000000010310bbd8]
Event: 474.085 Thread 0x00007fb976062800 1235   !         java.lang.StringCoding::encode (120 bytes)
Event: 474.096 Thread 0x00007fb976062800 nmethod 1235 0x00000001032f5050 code [0x00000001032f5240, 0x00000001032f5980]

GC Heap History (10 events):
Event: 7.407 GC heap before
{Heap before GC invocations=8 (full 0):
 PSYoungGen      total 146432K, used 146419K [0x00000007d5500000, 0x00000007e8d00000, 0x0000000800000000)
  eden space 130048K, 100% used [0x00000007d5500000,0x00000007dd400000,0x00000007dd400000)
  from space 16384K, 99% used [0x00000007dd400000,0x00000007de3fcd68,0x00000007de400000)
  to   space 29696K, 0% used [0x00000007e7000000,0x00000007e7000000,0x00000007e8d00000)
 ParOldGen       total 87040K, used 40230K [0x0000000780000000, 0x0000000785500000, 0x00000007d5500000)
  object space 87040K, 46% used [0x0000000780000000,0x0000000782749b38,0x0000000785500000)
 PSPermGen       total 23040K, used 22773K [0x000000077ae00000, 0x000000077c480000, 0x0000000780000000)
  object space 23040K, 98% used [0x000000077ae00000,0x000000077c43d7c0,0x000000077c480000)
Event: 7.470 GC heap after
Heap after GC invocations=8 (full 0):
 PSYoungGen      total 278528K, used 29677K [0x00000007d5500000, 0x00000007ea300000, 0x0000000800000000)
  eden space 248832K, 0% used [0x00000007d5500000,0x00000007d5500000,0x00000007e4800000)
  from space 29696K, 99% used [0x00000007e7000000,0x00000007e8cfb638,0x00000007e8d00000)
  to   space 40960K, 0% used [0x00000007e4800000,0x00000007e4800000,0x00000007e7000000)
 ParOldGen       total 87040K, used 54144K [0x0000000780000000, 0x0000000785500000, 0x00000007d5500000)
  object space 87040K, 62% used [0x0000000780000000,0x00000007834e0178,0x0000000785500000)
 PSPermGen       total 23040K, used 22773K [0x000000077ae00000, 0x000000077c480000, 0x0000000780000000)
  object space 23040K, 98% used [0x000000077ae00000,0x000000077c43d7c0,0x000000077c480000)
}
Event: 9.035 GC heap before
{Heap before GC invocations=9 (full 0):
 PSYoungGen      total 278528K, used 278509K [0x00000007d5500000, 0x00000007ea300000, 0x0000000800000000)
  eden space 248832K, 100% used [0x00000007d5500000,0x00000007e4800000,0x00000007e4800000)
  from space 29696K, 99% used [0x00000007e7000000,0x00000007e8cfb638,0x00000007e8d00000)
  to   space 40960K, 0% used [0x00000007e4800000,0x00000007e4800000,0x00000007e7000000)
 ParOldGen       total 87040K, used 54144K [0x0000000780000000, 0x0000000785500000, 0x00000007d5500000)
  object space 87040K, 62% used [0x0000000780000000,0x00000007834e0178,0x0000000785500000)
 PSPermGen       total 24576K, used 24212K [0x000000077ae00000, 0x000000077c600000, 0x0000000780000000)
  object space 24576K, 98% used [0x000000077ae00000,0x000000077c5a5380,0x000000077c600000)
Event: 9.113 GC heap after
Heap after GC invocations=9 (full 0):
 PSYoungGen      total 289792K, used 40959K [0x00000007d5500000, 0x00000007f4d00000, 0x0000000800000000)
  eden space 248832K, 0% used [0x00000007d5500000,0x00000007d5500000,0x00000007e4800000)
  from space 40960K, 99% used [0x00000007e4800000,0x00000007e6fffe80,0x00000007e7000000)
  to   space 58880K, 0% used [0x00000007f1380000,0x00000007f1380000,0x00000007f4d00000)
 ParOldGen       total 87040K, used 81001K [0x0000000780000000, 0x0000000785500000, 0x00000007d5500000)
  object space 87040K, 93% used [0x0000000780000000,0x0000000784f1a648,0x0000000785500000)
 PSPermGen       total 24576K, used 24212K [0x000000077ae00000, 0x000000077c600000, 0x0000000780000000)
  object space 24576K, 98% used [0x000000077ae00000,0x000000077c5a5380,0x000000077c600000)
}
Event: 9.113 GC heap before
{Heap before GC invocations=10 (full 1):
 PSYoungGen      total 289792K, used 40959K [0x00000007d5500000, 0x00000007f4d00000, 0x0000000800000000)
  eden space 248832K, 0% used [0x00000007d5500000,0x00000007d5500000,0x00000007e4800000)
  from space 40960K, 99% used [0x00000007e4800000,0x00000007e6fffe80,0x00000007e7000000)
  to   space 58880K, 0% used [0x00000007f1380000,0x00000007f1380000,0x00000007f4d00000)
 ParOldGen       total 87040K, used 81001K [0x0000000780000000, 0x0000000785500000, 0x00000007d5500000)
  object space 87040K, 93% used [0x0000000780000000,0x0000000784f1a648,0x0000000785500000)
 PSPermGen       total 24576K, used 24212K [0x000000077ae00000, 0x000000077c600000, 0x0000000780000000)
  object space 24576K, 98% used [0x000000077ae00000,0x000000077c5a5380,0x000000077c600000)
Event: 9.308 GC heap after
Heap after GC invocations=10 (full 1):
 PSYoungGen      total 289792K, used 0K [0x00000007d5500000, 0x00000007f4d00000, 0x0000000800000000)
  eden space 248832K, 0% used [0x00000007d5500000,0x00000007d5500000,0x00000007e4800000)
  from space 40960K, 0% used [0x00000007e4800000,0x00000007e4800000,0x00000007e7000000)
  to   space 58880K, 0% used [0x00000007f1380000,0x00000007f1380000,0x00000007f4d00000)
 ParOldGen       total 126464K, used 56298K [0x0000000780000000, 0x0000000787b80000, 0x00000007d5500000)
  object space 126464K, 44% used [0x0000000780000000,0x00000007836fa898,0x0000000787b80000)
 PSPermGen       total 48640K, used 24203K [0x000000077ae00000, 0x000000077dd80000, 0x0000000780000000)
  object space 48640K, 49% used [0x000000077ae00000,0x000000077c5a2ef8,0x000000077dd80000)
}
Event: 18.335 GC heap before
{Heap before GC invocations=11 (full 1):
 PSYoungGen      total 289792K, used 248832K [0x00000007d5500000, 0x00000007f4d00000, 0x0000000800000000)
  eden space 248832K, 100% used [0x00000007d5500000,0x00000007e4800000,0x00000007e4800000)
  from space 40960K, 0% used [0x00000007e4800000,0x00000007e4800000,0x00000007e7000000)
  to   space 58880K, 0% used [0x00000007f1380000,0x00000007f1380000,0x00000007f4d00000)
 ParOldGen       total 126464K, used 56298K [0x0000000780000000, 0x0000000787b80000, 0x00000007d5500000)
  object space 126464K, 44% used [0x0000000780000000,0x00000007836fa898,0x0000000787b80000)
 PSPermGen       total 48640K, used 44444K [0x000000077ae00000, 0x000000077dd80000, 0x0000000780000000)
  object space 48640K, 91% used [0x000000077ae00000,0x000000077d9672b8,0x000000077dd80000)
Event: 18.366 GC heap after
Heap after GC invocations=11 (full 1):
 PSYoungGen      total 367104K, used 24142K [0x00000007d5500000, 0x00000007f2b80000, 0x0000000800000000)
  eden space 342528K, 0% used [0x00000007d5500000,0x00000007d5500000,0x00000007ea380000)
  from space 24576K, 98% used [0x00000007f1380000,0x00000007f2b13ae8,0x00000007f2b80000)
  to   space 55808K, 0% used [0x00000007ebe80000,0x00000007ebe80000,0x00000007ef500000)
 ParOldGen       total 126464K, used 56306K [0x0000000780000000, 0x0000000787b80000, 0x00000007d5500000)
  object space 126464K, 44% used [0x0000000780000000,0x00000007836fc898,0x0000000787b80000)
 PSPermGen       total 48640K, used 44444K [0x000000077ae00000, 0x000000077dd80000, 0x0000000780000000)
  object space 48640K, 91% used [0x000000077ae00000,0x000000077d9672b8,0x000000077dd80000)
}
Event: 479.319 GC heap before
{Heap before GC invocations=12 (full 1):
 PSYoungGen      total 367104K, used 366670K [0x00000007d5500000, 0x00000007f2b80000, 0x0000000800000000)
  eden space 342528K, 100% used [0x00000007d5500000,0x00000007ea380000,0x00000007ea380000)
  from space 24576K, 98% used [0x00000007f1380000,0x00000007f2b13ae8,0x00000007f2b80000)
  to   space 55808K, 0% used [0x00000007ebe80000,0x00000007ebe80000,0x00000007ef500000)
 ParOldGen       total 126464K, used 56306K [0x0000000780000000, 0x0000000787b80000, 0x00000007d5500000)
  object space 126464K, 44% used [0x0000000780000000,0x00000007836fc898,0x0000000787b80000)
 PSPermGen       total 58368K, used 57962K [0x000000077ae00000, 0x000000077e700000, 0x0000000780000000)
  object space 58368K, 99% used [0x000000077ae00000,0x000000077e69aa10,0x000000077e700000)
Event: 479.372 GC heap after
Heap after GC invocations=12 (full 1):
 PSYoungGen      total 425984K, used 24003K [0x00000007d5500000, 0x00000007f7c00000, 0x0000000800000000)
  eden space 370176K, 0% used [0x00000007d5500000,0x00000007d5500000,0x00000007ebe80000)
  from space 55808K, 43% used [0x00000007ebe80000,0x00000007ed5f0f78,0x00000007ef500000)
  to   space 53248K, 0% used [0x00000007f4800000,0x00000007f4800000,0x00000007f7c00000)
 ParOldGen       total 126464K, used 66106K [0x0000000780000000, 0x0000000787b80000, 0x00000007d5500000)
  object space 126464K, 52% used [0x0000000780000000,0x000000078408eb60,0x0000000787b80000)
 PSPermGen       total 58368K, used 57962K [0x000000077ae00000, 0x000000077e700000, 0x0000000780000000)
  object space 58368K, 99% used [0x000000077ae00000,0x000000077e69aa10,0x000000077e700000)
}

Deoptimization events (10 events):
Event: 474.072 Thread 0x00007fb97a0c3000 Uncommon trap: reason=unhandled action=none pc=0x00000001031be4cc method=ognl.JavaCharStream.FillBuff()V @ 63
Event: 474.077 Thread 0x00007fb97b9c4800 Uncommon trap: reason=unhandled action=none pc=0x00000001031be4cc method=ognl.JavaCharStream.FillBuff()V @ 63
Event: 474.080 Thread 0x00007fb97b9f4000 Uncommon trap: reason=unhandled action=none pc=0x00000001031be4cc method=ognl.JavaCharStream.FillBuff()V @ 63
Event: 474.082 Thread 0x00007fb97ac71800 Uncommon trap: reason=unhandled action=none pc=0x00000001031be4cc method=ognl.JavaCharStream.FillBuff()V @ 63
Event: 474.086 Thread 0x00007fb97a0c3000 Uncommon trap: reason=unhandled action=none pc=0x00000001031be4cc method=ognl.JavaCharStream.FillBuff()V @ 63
Event: 474.122 Thread 0x00007fb97b9c4800 Uncommon trap: reason=unhandled action=none pc=0x00000001031be4cc method=ognl.JavaCharStream.FillBuff()V @ 63
Event: 474.130 Thread 0x00007fb97b037800 Uncommon trap: reason=unhandled action=none pc=0x00000001031be4cc method=ognl.JavaCharStream.FillBuff()V @ 63
Event: 479.303 Thread 0x00007fb97b9c4800 Uncommon trap: reason=unhandled action=none pc=0x00000001031be4cc method=ognl.JavaCharStream.FillBuff()V @ 63
Event: 479.304 Thread 0x00007fb97b9c4800 Uncommon trap: reason=unhandled action=none pc=0x00000001031be4cc method=ognl.JavaCharStream.FillBuff()V @ 63
Event: 479.407 Thread 0x00007fb97b9c4800 Uncommon trap: reason=unhandled action=none pc=0x00000001031be4cc method=ognl.JavaCharStream.FillBuff()V @ 63

Internal exceptions (10 events):
Event: 474.121 Thread 0x00007fb97b9c4800 Threw 0x00000007e869d9a0 at /HUDSON/workspace/7u-2-build-macosx-x86_64/jdk7u79/2331/hotspot/src/share/vm/prims/jni.cpp:717
Event: 474.121 Thread 0x00007fb97b9c4800 Threw 0x00000007e869e640 at /HUDSON/workspace/7u-2-build-macosx-x86_64/jdk7u79/2331/hotspot/src/share/vm/prims/jni.cpp:717
Event: 474.128 Thread 0x00007fb97b037800 Threw 0x00000007e9c5adf8 at /HUDSON/workspace/7u-2-build-macosx-x86_64/jdk7u79/2331/hotspot/src/share/vm/prims/jni.cpp:717
Event: 474.128 Thread 0x00007fb97b037800 Threw 0x00000007e9c5ba88 at /HUDSON/workspace/7u-2-build-macosx-x86_64/jdk7u79/2331/hotspot/src/share/vm/prims/jni.cpp:717
Event: 474.128 Thread 0x00007fb97b037800 Threw 0x00000007e9c5c768 at /HUDSON/workspace/7u-2-build-macosx-x86_64/jdk7u79/2331/hotspot/src/share/vm/prims/jni.cpp:717
Event: 474.129 Thread 0x00007fb97b037800 Threw 0x00000007e9c5d408 at /HUDSON/workspace/7u-2-build-macosx-x86_64/jdk7u79/2331/hotspot/src/share/vm/prims/jni.cpp:717
Event: 479.301 Thread 0x00007fb97b9c4800 Threw 0x00000007e86b0350 at /HUDSON/workspace/7u-2-build-macosx-x86_64/jdk7u79/2331/hotspot/src/share/vm/prims/jni.cpp:717
Event: 479.301 Thread 0x00007fb97b9c4800 Threw 0x00000007e86b0fe0 at /HUDSON/workspace/7u-2-build-macosx-x86_64/jdk7u79/2331/hotspot/src/share/vm/prims/jni.cpp:717
Event: 479.301 Thread 0x00007fb97b9c4800 Threw 0x00000007e86b1cc0 at /HUDSON/workspace/7u-2-build-macosx-x86_64/jdk7u79/2331/hotspot/src/share/vm/prims/jni.cpp:717
Event: 479.301 Thread 0x00007fb97b9c4800 Threw 0x00000007e86b2960 at /HUDSON/workspace/7u-2-build-macosx-x86_64/jdk7u79/2331/hotspot/src/share/vm/prims/jni.cpp:717

Events (10 events):
Event: 479.304 Thread 0x00007fb97b9c4800 DEOPT UNPACKING pc=0x000000010309be0f sp=0x0000700007ec6e88 mode 1
Event: 479.304 Thread 0x00007fb97b9c4800 DEOPT PACKING pc=0x00000001031bdea8 sp=0x0000700007ec7040
Event: 479.304 Thread 0x00007fb97b9c4800 DEOPT UNPACKING pc=0x000000010309be0f sp=0x0000700007ec6cb8 mode 1
Event: 479.318 Executing VM operation: ParallelGCFailedAllocation
Event: 479.372 Executing VM operation: ParallelGCFailedAllocation done
Event: 479.405 Executing VM operation: RevokeBias
Event: 479.405 Executing VM operation: RevokeBias done
Event: 479.407 Thread 0x00007fb97b9c4800 Uncommon trap: trap_request=0xffffffa7 fr.pc=0x00000001031be4cc
Event: 479.407 Thread 0x00007fb97b9c4800 DEOPT PACKING pc=0x00000001031be4cc sp=0x0000700007ec57e0
Event: 479.407 Thread 0x00007fb97b9c4800 DEOPT UNPACKING pc=0x000000010309c045 sp=0x0000700007ec56e0 mode 2


Dynamic libraries:
0x00000000028c4000 	/System/Library/Frameworks/Cocoa.framework/Versions/A/Cocoa
0x00000000028c4000 	/System/Library/Frameworks/Security.framework/Versions/A/Security
0x00000000028c4000 	/System/Library/Frameworks/ApplicationServices.framework/Versions/A/ApplicationServices
0x00000000028c4000 	/usr/lib/libz.1.dylib
0x00000000028c4000 	/usr/lib/libSystem.B.dylib
0x00000000028c4000 	/usr/lib/libobjc.A.dylib
0x00000000028c4000 	/System/Library/Frameworks/CoreFoundation.framework/Versions/A/CoreFoundation
0x00000000028c4000 	/System/Library/Frameworks/Foundation.framework/Versions/C/Foundation
0x00000000028c4000 	/System/Library/Frameworks/AppKit.framework/Versions/C/AppKit
0x00000000028c4000 	/System/Library/Frameworks/CoreData.framework/Versions/A/CoreData
0x00000000028c4000 	/System/Library/PrivateFrameworks/RemoteViewServices.framework/Versions/A/RemoteViewServices
0x00000000028c4000 	/System/Library/PrivateFrameworks/UIFoundation.framework/Versions/A/UIFoundation
0x00000000028c4000 	/System/Library/PrivateFrameworks/DFRFoundation.framework/Versions/A/DFRFoundation
0x00000000028c4000 	/usr/lib/libenergytrace.dylib
0x00000000028c4000 	/System/Library/PrivateFrameworks/SkyLight.framework/Versions/A/SkyLight
0x00000000028c4000 	/System/Library/Frameworks/CoreGraphics.framework/Versions/A/CoreGraphics
0x00000000028c4000 	/usr/lib/libScreenReader.dylib
0x00000000028c4000 	/System/Library/Frameworks/Accelerate.framework/Versions/A/Accelerate
0x00000000028c4000 	/System/Library/Frameworks/IOSurface.framework/Versions/A/IOSurface
0x00000000028c4000 	/System/Library/Frameworks/AudioToolbox.framework/Versions/A/AudioToolbox
0x00000000028c4000 	/System/Library/Frameworks/AudioUnit.framework/Versions/A/AudioUnit
0x00000000028c4000 	/System/Library/PrivateFrameworks/DataDetectorsCore.framework/Versions/A/DataDetectorsCore
0x00000000028c4000 	/System/Library/PrivateFrameworks/DesktopServicesPriv.framework/Versions/A/DesktopServicesPriv
0x00000000028c4000 	/System/Library/Frameworks/Carbon.framework/Versions/A/Frameworks/HIToolbox.framework/Versions/A/HIToolbox
0x00000000028c4000 	/usr/lib/libicucore.A.dylib
0x00000000028c4000 	/System/Library/Frameworks/QuartzCore.framework/Versions/A/QuartzCore
0x00000000028c4000 	/System/Library/Frameworks/Carbon.framework/Versions/A/Frameworks/SpeechRecognition.framework/Versions/A/SpeechRecognition
0x00000000028c4000 	/usr/lib/libauto.dylib
0x00000000028c4000 	/usr/lib/libxml2.2.dylib
0x00000000028c4000 	/System/Library/PrivateFrameworks/CoreUI.framework/Versions/A/CoreUI
0x00000000028c4000 	/System/Library/Frameworks/CoreAudio.framework/Versions/A/CoreAudio
0x00000000028c4000 	/System/Library/Frameworks/DiskArbitration.framework/Versions/A/DiskArbitration
0x00000000028c4000 	/usr/lib/liblangid.dylib
0x00000000028c4000 	/System/Library/PrivateFrameworks/MultitouchSupport.framework/Versions/A/MultitouchSupport
0x00000000028c4000 	/System/Library/Frameworks/IOKit.framework/Versions/A/IOKit
0x00000000028c4000 	/usr/lib/libDiagnosticMessagesClient.dylib
0x00000000028c4000 	/System/Library/Frameworks/CoreServices.framework/Versions/A/CoreServices
0x00000000028c4000 	/System/Library/PrivateFrameworks/PerformanceAnalysis.framework/Versions/A/PerformanceAnalysis
0x00000000028c4000 	/System/Library/PrivateFrameworks/GenerationalStorage.framework/Versions/A/GenerationalStorage
0x00000000028c4000 	/System/Library/Frameworks/OpenGL.framework/Versions/A/OpenGL
0x00000000028c4000 	/System/Library/Frameworks/CoreImage.framework/Versions/A/CoreImage
0x00000000028c4000 	/System/Library/Frameworks/CoreText.framework/Versions/A/CoreText
0x00000000028c4000 	/System/Library/Frameworks/ImageIO.framework/Versions/A/ImageIO
0x00000000028c4000 	/System/Library/PrivateFrameworks/Backup.framework/Versions/A/Backup
0x00000000028c4000 	/usr/lib/libarchive.2.dylib
0x00000000028c4000 	/System/Library/Frameworks/CFNetwork.framework/Versions/A/CFNetwork
0x00000000028c4000 	/System/Library/Frameworks/SystemConfiguration.framework/Versions/A/SystemConfiguration
0x00000000028c4000 	/usr/lib/libCRFSuite.dylib
0x00000000028c4000 	/usr/lib/libc++.1.dylib
0x00000000028c4000 	/usr/lib/libc++abi.dylib
0x00000000028c4000 	/usr/lib/system/libcache.dylib
0x00000000028c4000 	/usr/lib/system/libcommonCrypto.dylib
0x00000000028c4000 	/usr/lib/system/libcompiler_rt.dylib
0x00000000028c4000 	/usr/lib/system/libcopyfile.dylib
0x00000000028c4000 	/usr/lib/system/libcorecrypto.dylib
0x00000000028c4000 	/usr/lib/system/libdispatch.dylib
0x00000000028c4000 	/usr/lib/system/libdyld.dylib
0x00000000028c4000 	/usr/lib/system/libkeymgr.dylib
0x00000000028c4000 	/usr/lib/system/liblaunch.dylib
0x00000000028c4000 	/usr/lib/system/libmacho.dylib
0x00000000028c4000 	/usr/lib/system/libquarantine.dylib
0x00000000028c4000 	/usr/lib/system/libremovefile.dylib
0x00000000028c4000 	/usr/lib/system/libsystem_asl.dylib
0x00000000028c4000 	/usr/lib/system/libsystem_blocks.dylib
0x00000000028c4000 	/usr/lib/system/libsystem_c.dylib
0x00000000028c4000 	/usr/lib/system/libsystem_configuration.dylib
0x00000000028c4000 	/usr/lib/system/libsystem_coreservices.dylib
0x00000000028c4000 	/usr/lib/system/libsystem_coretls.dylib
0x00000000028c4000 	/usr/lib/system/libsystem_dnssd.dylib
0x00000000028c4000 	/usr/lib/system/libsystem_info.dylib
0x00000000028c4000 	/usr/lib/system/libsystem_kernel.dylib
0x00000000028c4000 	/usr/lib/system/libsystem_m.dylib
0x00000000028c4000 	/usr/lib/system/libsystem_malloc.dylib
0x00000000028c4000 	/usr/lib/system/libsystem_network.dylib
0x00000000028c4000 	/usr/lib/system/libsystem_networkextension.dylib
0x00000000028c4000 	/usr/lib/system/libsystem_notify.dylib
0x00000000028c4000 	/usr/lib/system/libsystem_platform.dylib
0x00000000028c4000 	/usr/lib/system/libsystem_pthread.dylib
0x00000000028c4000 	/usr/lib/system/libsystem_sandbox.dylib
0x00000000028c4000 	/usr/lib/system/libsystem_secinit.dylib
0x00000000028c4000 	/usr/lib/system/libsystem_symptoms.dylib
0x00000000028c4000 	/usr/lib/system/libsystem_trace.dylib
0x00000000028c4000 	/usr/lib/system/libunwind.dylib
0x00000000028c4000 	/usr/lib/system/libxpc.dylib
0x00000000028c4000 	/usr/lib/libbsm.0.dylib
0x00000000028c4000 	/usr/lib/system/libkxld.dylib
0x00000000028c4000 	/usr/lib/libcoretls.dylib
0x00000000028c4000 	/usr/lib/libcoretls_cfhelpers.dylib
0x00000000028c4000 	/usr/lib/libOpenScriptingUtil.dylib
0x00000000028c4000 	/usr/lib/libpam.2.dylib
0x00000000028c4000 	/usr/lib/libsqlite3.dylib
0x00000000028c4000 	/usr/lib/libxar.1.dylib
0x00000000028c4000 	/usr/lib/libbz2.1.0.dylib
0x00000000028c4000 	/usr/lib/liblzma.5.dylib
0x00000000028c4000 	/usr/lib/libnetwork.dylib
0x00000000028c4000 	/usr/lib/libpcap.A.dylib
0x00000000028c4000 	/System/Library/Frameworks/CoreServices.framework/Versions/A/Frameworks/FSEvents.framework/Versions/A/FSEvents
0x00000000028c4000 	/System/Library/Frameworks/CoreServices.framework/Versions/A/Frameworks/CarbonCore.framework/Versions/A/CarbonCore
0x00000000028c4000 	/System/Library/Frameworks/CoreServices.framework/Versions/A/Frameworks/Metadata.framework/Versions/A/Metadata
0x00000000028c4000 	/System/Library/Frameworks/CoreServices.framework/Versions/A/Frameworks/OSServices.framework/Versions/A/OSServices
0x00000000028c4000 	/System/Library/Frameworks/CoreServices.framework/Versions/A/Frameworks/SearchKit.framework/Versions/A/SearchKit
0x00000000028c4000 	/System/Library/Frameworks/CoreServices.framework/Versions/A/Frameworks/AE.framework/Versions/A/AE
0x00000000028c4000 	/System/Library/Frameworks/CoreServices.framework/Versions/A/Frameworks/LaunchServices.framework/Versions/A/LaunchServices
0x00000000028c4000 	/System/Library/Frameworks/CoreServices.framework/Versions/A/Frameworks/DictionaryServices.framework/Versions/A/DictionaryServices
0x00000000028c4000 	/System/Library/Frameworks/CoreServices.framework/Versions/A/Frameworks/SharedFileList.framework/Versions/A/SharedFileList
0x00000000028c4000 	/System/Library/Frameworks/NetFS.framework/Versions/A/NetFS
0x00000000028c4000 	/System/Library/PrivateFrameworks/NetAuth.framework/Versions/A/NetAuth
0x00000000028c4000 	/System/Library/PrivateFrameworks/login.framework/Versions/A/Frameworks/loginsupport.framework/Versions/A/loginsupport
0x00000000028c4000 	/System/Library/PrivateFrameworks/TCC.framework/Versions/A/TCC
0x00000000028c4000 	/usr/lib/libmecabra.dylib
0x00000000028c4000 	/System/Library/Frameworks/ApplicationServices.framework/Versions/A/Frameworks/ATS.framework/Versions/A/ATS
0x00000000028c4000 	/System/Library/Frameworks/ApplicationServices.framework/Versions/A/Frameworks/ColorSync.framework/Versions/A/ColorSync
0x00000000028c4000 	/System/Library/Frameworks/ApplicationServices.framework/Versions/A/Frameworks/HIServices.framework/Versions/A/HIServices
0x00000000028c4000 	/System/Library/Frameworks/ApplicationServices.framework/Versions/A/Frameworks/LangAnalysis.framework/Versions/A/LangAnalysis
0x00000000028c4000 	/System/Library/Frameworks/ApplicationServices.framework/Versions/A/Frameworks/PrintCore.framework/Versions/A/PrintCore
0x00000000028c4000 	/System/Library/Frameworks/ApplicationServices.framework/Versions/A/Frameworks/QD.framework/Versions/A/QD
0x00000000028c4000 	/System/Library/Frameworks/ApplicationServices.framework/Versions/A/Frameworks/SpeechSynthesis.framework/Versions/A/SpeechSynthesis
0x00000000028c4000 	/System/Library/Frameworks/Accelerate.framework/Versions/A/Frameworks/vImage.framework/Versions/A/vImage
0x00000000028c4000 	/System/Library/Frameworks/Accelerate.framework/Versions/A/Frameworks/vecLib.framework/Versions/A/vecLib
0x00000000028c4000 	/System/Library/Frameworks/Accelerate.framework/Versions/A/Frameworks/vecLib.framework/Versions/A/libvDSP.dylib
0x00000000028c4000 	/System/Library/Frameworks/Accelerate.framework/Versions/A/Frameworks/vecLib.framework/Versions/A/libBNNS.dylib
0x00000000028c4000 	/System/Library/Frameworks/Accelerate.framework/Versions/A/Frameworks/vecLib.framework/Versions/A/libQuadrature.dylib
0x00000000028c4000 	/System/Library/Frameworks/Accelerate.framework/Versions/A/Frameworks/vecLib.framework/Versions/A/libvMisc.dylib
0x00000000028c4000 	/System/Library/Frameworks/Accelerate.framework/Versions/A/Frameworks/vecLib.framework/Versions/A/libLAPACK.dylib
0x00000000028c4000 	/System/Library/Frameworks/Accelerate.framework/Versions/A/Frameworks/vecLib.framework/Versions/A/libBLAS.dylib
0x00000000028c4000 	/System/Library/Frameworks/Accelerate.framework/Versions/A/Frameworks/vecLib.framework/Versions/A/libLinearAlgebra.dylib
0x00000000028c4000 	/System/Library/Frameworks/Accelerate.framework/Versions/A/Frameworks/vecLib.framework/Versions/A/libSparseBLAS.dylib
0x00000000028c4000 	/System/Library/Frameworks/ApplicationServices.framework/Versions/A/Frameworks/ATS.framework/Versions/A/Resources/libFontParser.dylib
0x00000000028c4000 	/System/Library/Frameworks/ApplicationServices.framework/Versions/A/Frameworks/ATS.framework/Versions/A/Resources/libFontRegistry.dylib
0x00000000028c4000 	/System/Library/Frameworks/ImageIO.framework/Versions/A/Resources/libJPEG.dylib
0x00000000028c4000 	/System/Library/Frameworks/ImageIO.framework/Versions/A/Resources/libTIFF.dylib
0x00000000028c4000 	/System/Library/Frameworks/ImageIO.framework/Versions/A/Resources/libPng.dylib
0x00000000028c4000 	/System/Library/Frameworks/ImageIO.framework/Versions/A/Resources/libGIF.dylib
0x00000000028c4000 	/System/Library/Frameworks/ImageIO.framework/Versions/A/Resources/libJP2.dylib
0x00000000028c4000 	/System/Library/Frameworks/ImageIO.framework/Versions/A/Resources/libRadiance.dylib
0x00000000028c4000 	/usr/lib/libcompression.dylib
0x00000000028c4000 	/System/Library/PrivateFrameworks/AppleJPEG.framework/Versions/A/AppleJPEG
0x00000000028c4000 	/usr/lib/libcups.2.dylib
0x00000000028c4000 	/System/Library/Frameworks/Kerberos.framework/Versions/A/Kerberos
0x00000000028c4000 	/System/Library/Frameworks/GSS.framework/Versions/A/GSS
0x00000000028c4000 	/usr/lib/libresolv.9.dylib
0x00000000028c4000 	/usr/lib/libiconv.2.dylib
0x00000000028c4000 	/System/Library/PrivateFrameworks/Heimdal.framework/Versions/A/Heimdal
0x00000000028c4000 	/usr/lib/libheimdal-asn1.dylib
0x00000000028c4000 	/System/Library/Frameworks/OpenDirectory.framework/Versions/A/OpenDirectory
0x00000000028c4000 	/System/Library/PrivateFrameworks/CommonAuth.framework/Versions/A/CommonAuth
0x00000000028c4000 	/System/Library/Frameworks/OpenDirectory.framework/Versions/A/Frameworks/CFOpenDirectory.framework/Versions/A/CFOpenDirectory
0x00000000028c4000 	/System/Library/Frameworks/SecurityFoundation.framework/Versions/A/SecurityFoundation
0x00000000028c4000 	/System/Library/PrivateFrameworks/LanguageModeling.framework/Versions/A/LanguageModeling
0x00000000028c4000 	/usr/lib/libmarisa.dylib
0x00000000028c4000 	/usr/lib/libChineseTokenizer.dylib
0x00000000028c4000 	/usr/lib/libcmph.dylib
0x00000000028c4000 	/System/Library/PrivateFrameworks/CoreEmoji.framework/Versions/A/CoreEmoji
0x00000000028c4000 	/System/Library/Frameworks/ServiceManagement.framework/Versions/A/ServiceManagement
0x00000000028c4000 	/usr/lib/libxslt.1.dylib
0x00000000028c4000 	/System/Library/Frameworks/Carbon.framework/Versions/A/Frameworks/Ink.framework/Versions/A/Ink
0x00000000028c4000 	/System/Library/PrivateFrameworks/TextureIO.framework/Versions/A/TextureIO
0x00000000028c4000 	/System/Library/Frameworks/Metal.framework/Versions/A/Metal
0x00000000028c4000 	/usr/lib/libate.dylib
0x00000000028c4000 	/System/Library/PrivateFrameworks/GPUCompiler.framework/libmetal_timestamp.dylib
0x00000000028c4000 	/System/Library/Frameworks/OpenGL.framework/Versions/A/Libraries/libCoreFSCache.dylib
0x00000000028c4000 	/System/Library/PrivateFrameworks/IOAccelerator.framework/Versions/A/IOAccelerator
0x00000000028c4000 	/System/Library/Frameworks/CoreVideo.framework/Versions/A/CoreVideo
0x00000000028c4000 	/usr/lib/libFosl_dynamic.dylib
0x00000000028c4000 	/System/Library/PrivateFrameworks/MetalPerformanceShaders.framework/Versions/A/MetalPerformanceShaders
0x00000000028c4000 	/System/Library/PrivateFrameworks/FaceCore.framework/Versions/A/FaceCore
0x00000000028c4000 	/System/Library/Frameworks/OpenCL.framework/Versions/A/OpenCL
0x00000000028c4000 	/System/Library/Frameworks/OpenGL.framework/Versions/A/Libraries/libGLU.dylib
0x00000000028c4000 	/System/Library/Frameworks/OpenGL.framework/Versions/A/Libraries/libGFXShared.dylib
0x00000000028c4000 	/System/Library/Frameworks/OpenGL.framework/Versions/A/Libraries/libGL.dylib
0x00000000028c4000 	/System/Library/Frameworks/OpenGL.framework/Versions/A/Libraries/libGLImage.dylib
0x00000000028c4000 	/System/Library/Frameworks/OpenGL.framework/Versions/A/Libraries/libCVMSPluginSupport.dylib
0x00000000028c4000 	/System/Library/Frameworks/OpenGL.framework/Versions/A/Libraries/libCoreVMClient.dylib
0x00000000028c4000 	/System/Library/PrivateFrameworks/CrashReporterSupport.framework/Versions/A/CrashReporterSupport
0x00000000028c4000 	/System/Library/PrivateFrameworks/Sharing.framework/Versions/A/Sharing
0x00000000028c4000 	/System/Library/PrivateFrameworks/IconServices.framework/Versions/A/IconServices
0x00000000028c4000 	/System/Library/PrivateFrameworks/ProtocolBuffer.framework/Versions/A/ProtocolBuffer
0x00000000028c4000 	/System/Library/PrivateFrameworks/Apple80211.framework/Versions/A/Apple80211
0x00000000028c4000 	/System/Library/Frameworks/CoreWLAN.framework/Versions/A/CoreWLAN
0x00000000028c4000 	/System/Library/PrivateFrameworks/CoreUtils.framework/Versions/A/CoreUtils
0x00000000028c4000 	/System/Library/Frameworks/IOBluetooth.framework/Versions/A/IOBluetooth
0x00000000028c4000 	/System/Library/PrivateFrameworks/CoreWiFi.framework/Versions/A/CoreWiFi
0x00000000028c4000 	/System/Library/Frameworks/CoreBluetooth.framework/Versions/A/CoreBluetooth
0x00000000028c4000 	/System/Library/Frameworks/CoreDisplay.framework/Versions/A/CoreDisplay
0x00000000028c4000 	/System/Library/PrivateFrameworks/IOPresentment.framework/Versions/A/IOPresentment
0x00000000028c4000 	/System/Library/PrivateFrameworks/DSExternalDisplay.framework/Versions/A/DSExternalDisplay
0x00000000028c4000 	/System/Library/PrivateFrameworks/DebugSymbols.framework/Versions/A/DebugSymbols
0x00000000028c4000 	/System/Library/PrivateFrameworks/CoreSymbolication.framework/Versions/A/CoreSymbolication
0x00000000028c4000 	/System/Library/PrivateFrameworks/Symbolication.framework/Versions/A/Symbolication
0x00000000028c4000 	/System/Library/PrivateFrameworks/AppleFSCompression.framework/Versions/A/AppleFSCompression
0x00000000028c4000 	/System/Library/PrivateFrameworks/SpeechRecognitionCore.framework/Versions/A/SpeechRecognitionCore
0x00000000028c4000 	/System/Library/PrivateFrameworks/ChunkingLibrary.framework/Versions/A/ChunkingLibrary
0x0000000101cad000 	/System/Library/CoreServices/Encodings/libSimplifiedChineseConverter.dylib
0x0000000102600000 	/Library/Java/JavaVirtualMachines/jdk1.7.0_79.jdk/Contents/Home/jre/lib/server/libjvm.dylib
0x00000000028c4000 	/usr/lib/libstdc++.6.dylib
0x0000000101cf1000 	/Library/Java/JavaVirtualMachines/jdk1.7.0_79.jdk/Contents/Home/jre/lib/libverify.dylib
0x0000000101cfe000 	/Library/Java/JavaVirtualMachines/jdk1.7.0_79.jdk/Contents/Home/jre/lib/libjava.dylib
0x0000000101d2f000 	/Library/Java/JavaVirtualMachines/jdk1.7.0_79.jdk/Contents/Home/jre/lib/libjdwp.dylib
0x0000000101d6c000 	/Library/Java/JavaVirtualMachines/jdk1.7.0_79.jdk/Contents/Home/jre/lib/libnpt.dylib
0x0000000101d79000 	/Library/Java/JavaVirtualMachines/jdk1.7.0_79.jdk/Contents/Home/jre/lib/libzip.dylib
0x000000010c143000 	/System/Library/Frameworks/JavaVM.framework/Frameworks/JavaRuntimeSupport.framework/JavaRuntimeSupport
0x000000010c15d000 	/System/Library/Frameworks/JavaVM.framework/Versions/A/Frameworks/JavaNativeFoundation.framework/Versions/A/JavaNativeFoundation
0x000000010c172000 	/System/Library/Frameworks/JavaVM.framework/Versions/A/JavaVM
0x00000000028c4000 	/System/Library/Frameworks/Carbon.framework/Versions/A/Carbon
0x000000010c17f000 	/System/Library/PrivateFrameworks/JavaLaunching.framework/Versions/A/JavaLaunching
0x00000000028c4000 	/System/Library/Frameworks/Carbon.framework/Versions/A/Frameworks/CommonPanels.framework/Versions/A/CommonPanels
0x00000000028c4000 	/System/Library/Frameworks/Carbon.framework/Versions/A/Frameworks/Help.framework/Versions/A/Help
0x00000000028c4000 	/System/Library/Frameworks/Carbon.framework/Versions/A/Frameworks/ImageCapture.framework/Versions/A/ImageCapture
0x00000000028c4000 	/System/Library/Frameworks/Carbon.framework/Versions/A/Frameworks/OpenScripting.framework/Versions/A/OpenScripting
0x00000000028c4000 	/System/Library/Frameworks/Carbon.framework/Versions/A/Frameworks/Print.framework/Versions/A/Print
0x00000000028c4000 	/System/Library/Frameworks/Carbon.framework/Versions/A/Frameworks/SecurityHI.framework/Versions/A/SecurityHI
0x000000010c1d3000 	/Library/Java/JavaVirtualMachines/jdk1.7.0_79.jdk/Contents/Home/jre/lib/libdt_socket.dylib
0x000000010c38f000 	/Library/Java/JavaVirtualMachines/jdk1.7.0_79.jdk/Contents/Home/jre/lib/libnio.dylib
0x000000010c39e000 	/Library/Java/JavaVirtualMachines/jdk1.7.0_79.jdk/Contents/Home/jre/lib/./libnet.dylib
0x000000010c363000 	/Library/Java/JavaVirtualMachines/jdk1.7.0_79.jdk/Contents/Home/jre/lib/libmanagement.dylib

VM Arguments:
jvm_args: -agentlib:jdwp=transport=dt_socket,suspend=y,address=localhost:51182 -Dmaven.home=/usr/local/maven -Dclassworlds.conf=/develop/workspaces/workspace1/.metadata/.plugins/org.eclipse.m2e.launching/launches/m2conf3995749794265365630.tmp -Dmaven.multiModuleProjectDirectory=/develop/workspaces/workspace1/bos_management -Dfile.encoding=UTF-8 
java_command: org.codehaus.plexus.classworlds.launcher.Launcher -B -s /usr/local/maven/conf/settings.xml tomcat7:run
Launcher Type: SUN_STANDARD

Environment Variables:
PATH=/usr/bin:/bin:/usr/sbin:/sbin
SHELL=/bin/bash

Signal Handlers:
SIGSEGV: [libjvm.dylib+0x52daf1], sa_mask[0]=0xfffefeff, sa_flags=0x00000043
SIGBUS: [libjvm.dylib+0x52daf1], sa_mask[0]=0xfffefeff, sa_flags=0x00000042
SIGFPE: [libjvm.dylib+0x41f34e], sa_mask[0]=0xfffefeff, sa_flags=0x00000042
SIGPIPE: [libjvm.dylib+0x41f34e], sa_mask[0]=0xfffefeff, sa_flags=0x00000042
SIGXFSZ: [libjvm.dylib+0x41f34e], sa_mask[0]=0xfffefeff, sa_flags=0x00000042
SIGILL: [libjvm.dylib+0x41f34e], sa_mask[0]=0xfffefeff, sa_flags=0x00000042
SIGUSR1: SIG_DFL, sa_mask[0]=0x00000000, sa_flags=0x00000000
SIGUSR2: [libjvm.dylib+0x41ee40], sa_mask[0]=0x00000004, sa_flags=0x00000042
SIGHUP: [libjvm.dylib+0x41d0d1], sa_mask[0]=0xfffefeff, sa_flags=0x00000042
SIGINT: [libjvm.dylib+0x41d0d1], sa_mask[0]=0xfffefeff, sa_flags=0x00000042
SIGTERM: [libjvm.dylib+0x41d0d1], sa_mask[0]=0xfffefeff, sa_flags=0x00000042
SIGQUIT: [libjvm.dylib+0x41d0d1], sa_mask[0]=0xfffefeff, sa_flags=0x00000042


---------------  S Y S T E M  ---------------

OS:Bsduname:Darwin 16.7.0 Darwin Kernel Version 16.7.0: Thu Jun 15 17:36:27 PDT 2017; root:xnu-3789.70.16~2/RELEASE_X86_64 x86_64
rlimit: STACK 8192k, CORE 0k, NPROC 709, NOFILE 10240, AS infinity
load average:2.68 2.49 2.48

CPU:total 4 (2 cores per cpu, 2 threads per core) family 6 model 61 stepping 4, cmov, cx8, fxsr, mmx, sse, sse2, sse3, ssse3, sse4.1, sse4.2, popcnt, avx, avx2, aes, erms, ht, tsc, tscinvbit

Memory: 4k page, physical 8388608k(2097152k free)

/proc/meminfo:


vm_info: Java HotSpot(TM) 64-Bit Server VM (24.79-b02) for bsd-amd64 JRE (1.7.0_79-b15), built on Apr 10 2015 11:35:04 by "java_re" with gcc 4.2.1 (Based on Apple Inc. build 5658) (LLVM build 2336.11.00)

time: Thu Nov 30 00:23:14 2017
elapsed time: 479 seconds

